<?xml version="1.0" encoding="UTF-8"?>
<!-- Generated by org.testng.reporters.JUnitXMLReporter -->
<testsuite ignored="0" hostname="Mohammeds-MacBook-Pro.local" failures="0" tests="4" name="Default test" time="30.538" errors="0" timestamp="2024-05-15T21:31:24 IST">
  <testcase classname="testpackage.Testsauce" name="logintosite" time="1.41"/>
  <testcase classname="testpackage.Testsauce" name="addpdtstocart" time="5.901"/>
  <testcase classname="testpackage.Testsauce" name="personel" time="4.324"/>
  <testcase classname="testpackage.Testsauce" name="hamburger" time="5.004"/>
</testsuite> <!-- Default test -->
