<?xml version="1.0" encoding="UTF-8"?>
<testng-results ignored="0" total="4" passed="4" failed="0" skipped="0">
  <reporter-output>
  </reporter-output>
  <suite started-at="2024-05-15T21:30:54 IST" name="Default suite" finished-at="2024-05-15T21:31:24 IST" duration-ms="30538">
    <groups>
    </groups>
    <test started-at="2024-05-15T21:30:54 IST" name="Default test" finished-at="2024-05-15T21:31:24 IST" duration-ms="30538">
      <class name="testpackage.Testsauce">
        <test-method is-config="true" signature="setup()[pri:0, instance:testpackage.Testsauce@c33b74f]" started-at="2024-05-15T21:30:54 IST" name="setup" finished-at="2024-05-15T21:31:08 IST" duration-ms="13866" status="PASS">
          <reporter-output>
          </reporter-output>
        </test-method> <!-- setup -->
        <test-method signature="logintosite()[pri:1, instance:testpackage.Testsauce@c33b74f]" started-at="2024-05-15T21:31:08 IST" name="logintosite" finished-at="2024-05-15T21:31:09 IST" duration-ms="1410" status="PASS">
          <reporter-output>
          </reporter-output>
        </test-method> <!-- logintosite -->
        <test-method signature="addpdtstocart()[pri:2, instance:testpackage.Testsauce@c33b74f]" started-at="2024-05-15T21:31:09 IST" name="addpdtstocart" finished-at="2024-05-15T21:31:15 IST" duration-ms="5901" status="PASS">
          <reporter-output>
          </reporter-output>
        </test-method> <!-- addpdtstocart -->
        <test-method signature="personel()[pri:3, instance:testpackage.Testsauce@c33b74f]" started-at="2024-05-15T21:31:15 IST" name="personel" finished-at="2024-05-15T21:31:19 IST" duration-ms="4324" status="PASS">
          <reporter-output>
          </reporter-output>
        </test-method> <!-- personel -->
        <test-method signature="hamburger()[pri:4, instance:testpackage.Testsauce@c33b74f]" started-at="2024-05-15T21:31:19 IST" name="hamburger" finished-at="2024-05-15T21:31:24 IST" duration-ms="5004" status="PASS">
          <reporter-output>
          </reporter-output>
        </test-method> <!-- hamburger -->
      </class> <!-- testpackage.Testsauce -->
    </test> <!-- Default test -->
  </suite> <!-- Default suite -->
</testng-results>
